<?xml version="1.0" encoding="UTF-8"?>
<!-- Generated by org.testng.reporters.JUnitReportReporter -->
<testsuite hostname="LAPTOP-TR39K63I" failures="0" tests="1" name="com.Geetha.SecurePay.test.PricingTest" time="0.002" errors="0" timestamp="17 Oct 2021 17:45:00 GMT" skipped="0">
  <testcase classname="com.Geetha.SecurePay.test.PricingTest" name="pricinglink" time="0.002"/>
</testsuite> <!-- com.Geetha.SecurePay.test.PricingTest -->
