<?xml version="1.0" encoding="UTF-8"?>
<!-- Generated by org.testng.reporters.JUnitReportReporter -->
<testsuite hostname="LAPTOP-TR39K63I" failures="0" tests="1" name="com.Geetha.SecurePay.test.GoogleHomeTest" time="10.694" errors="0" timestamp="17 Oct 2021 19:30:50 GMT" skipped="0">
  <testcase classname="com.Geetha.SecurePay.test.GoogleHomeTest" name="seraching" time="10.694"/>
</testsuite> <!-- com.Geetha.SecurePay.test.GoogleHomeTest -->
